{"uid":"54b2fc0f510850d4","name":"Login to OrangeHRM with multiple parameters -- @1.2 ","fullName":"OrangeHRM Login: Login to OrangeHRM with multiple parameters","historyId":"9d49cffe9f953ac159368802486668ae","time":{"start":1669238634363,"stop":1669238672744,"duration":38381},"status":"failed","statusMessage":"AssertionError: Test Failed\n","statusTrace":"  File \"C:\\Users\\carmen.gomez\\PycharmProjects\\behaveProject\\venv\\lib\\site-packages\\behave\\model.py\", line 1329, in run\n    match.run(runner.context)\n  File \"C:\\Users\\carmen.gomez\\PycharmProjects\\behaveProject\\venv\\lib\\site-packages\\behave\\matchers.py\", line 98, in run\n    self.func(context, *args, **kwargs)\n  File \"features\\steps\\loginsteps.py\", line 38, in step_impl\n    assert False, \"Test Failed\"\n","flaky":false,"newFailed":false,"newBroken":false,"newPassed":false,"retriesCount":0,"retriesStatusChange":false,"beforeStages":[],"testStage":{"status":"failed","statusMessage":"AssertionError: Test Failed\n","statusTrace":"  File \"C:\\Users\\carmen.gomez\\PycharmProjects\\behaveProject\\venv\\lib\\site-packages\\behave\\model.py\", line 1329, in run\n    match.run(runner.context)\n  File \"C:\\Users\\carmen.gomez\\PycharmProjects\\behaveProject\\venv\\lib\\site-packages\\behave\\matchers.py\", line 98, in run\n    self.func(context, *args, **kwargs)\n  File \"features\\steps\\loginsteps.py\", line 38, in step_impl\n    assert False, \"Test Failed\"\n","steps":[{"name":"Given I launch Chrome browser","time":{"start":1669238634363,"stop":1669238635641,"duration":1278},"status":"passed","steps":[],"attachments":[],"parameters":[],"hasContent":false,"stepsCount":0,"attachmentsCount":0,"shouldDisplayMessage":false},{"name":"When I open orange HRM Homepage","time":{"start":1669238635641,"stop":1669238643717,"duration":8076},"status":"passed","steps":[],"attachments":[],"parameters":[],"hasContent":false,"stepsCount":0,"attachmentsCount":0,"shouldDisplayMessage":false},{"name":"And Enter username \"admin123\" and password \"admin\"","time":{"start":1669238643717,"stop":1669238644833,"duration":1116},"status":"passed","steps":[],"attachments":[],"parameters":[],"hasContent":false,"stepsCount":0,"attachmentsCount":0,"shouldDisplayMessage":false},{"name":"And Click on login button","time":{"start":1669238644833,"stop":1669238644927,"duration":94},"status":"passed","steps":[],"attachments":[],"parameters":[],"hasContent":false,"stepsCount":0,"attachmentsCount":0,"shouldDisplayMessage":false},{"name":"Then User must successfully login to the Dashboard","time":{"start":1669238644927,"stop":1669238672744,"duration":27817},"status":"failed","statusMessage":"AssertionError: Test Failed\n","statusTrace":"  File \"C:\\Users\\carmen.gomez\\PycharmProjects\\behaveProject\\venv\\lib\\site-packages\\behave\\model.py\", line 1329, in run\n    match.run(runner.context)\n  File \"C:\\Users\\carmen.gomez\\PycharmProjects\\behaveProject\\venv\\lib\\site-packages\\behave\\matchers.py\", line 98, in run\n    self.func(context, *args, **kwargs)\n  File \"features\\steps\\loginsteps.py\", line 38, in step_impl\n    assert False, \"Test Failed\"\n","steps":[],"attachments":[],"parameters":[],"hasContent":true,"stepsCount":0,"attachmentsCount":0,"shouldDisplayMessage":true}],"attachments":[],"parameters":[],"hasContent":true,"stepsCount":5,"attachmentsCount":0,"shouldDisplayMessage":false},"afterStages":[],"labels":[{"name":"severity","value":"normal"},{"name":"feature","value":"OrangeHRM Login"},{"name":"framework","value":"behave"},{"name":"language","value":"cpython3"},{"name":"resultFormat","value":"allure2"}],"parameters":[{"name":"password","value":"admin"},{"name":"username","value":"admin123"}],"links":[],"hidden":false,"retry":false,"extra":{"severity":"normal","retries":[],"categories":[{"name":"Product defects","matchedStatuses":[],"flaky":false}],"tags":[]},"source":"54b2fc0f510850d4.json","parameterValues":["admin","admin123"]}